<?xml version="1.0" encoding="UTF-8"?>
<!-- Generated by org.testng.reporters.JUnitReportReporter -->
<testsuite hostname="LAPTOP-M84AU483" failures="0" tests="1" name="com.Guru_E_Commerce.TestCase1" time="5.656" errors="0" timestamp="2024-02-10T16:29:20 IST" skipped="0">
  <testcase classname="com.Guru_E_Commerce.TestCase1" name="MobilesSortedByNameTest" time="5.656"/>
  <system-out/>
</testsuite> <!-- com.Guru_E_Commerce.TestCase1 -->
