<?xml version="1.0" encoding="UTF-8"?>
<!-- Generated by org.testng.reporters.JUnitReportReporter -->
<testsuite hostname="LAPTOP-M84AU483" failures="0" tests="1" name="com.Guru_E_Commerce.LoginPage" time="0.032" errors="0" timestamp="2024-02-10T11:33:01 IST" skipped="0">
  <testcase classname="com.Guru_E_Commerce.LoginPage" name="MobilesSortedByNameTest" time="0.032"/>
  <system-out/>
</testsuite> <!-- com.Guru_E_Commerce.LoginPage -->
