<?xml version="1.0" encoding="UTF-8"?>
<!-- Generated by org.testng.reporters.JUnitReportReporter -->
<testsuite hostname="LAPTOP-M84AU483" failures="0" tests="1" name="com.Guru_E_Commerce.TestCase3" time="16.311" errors="0" timestamp="2024-03-20T11:54:26 IST" skipped="0">
  <testcase classname="com.Guru_E_Commerce.TestCase3" name="errorValidation" time="16.311"/>
  <system-out/>
</testsuite> <!-- com.Guru_E_Commerce.TestCase3 -->
