<?xml version="1.0" encoding="UTF-8"?>
<!-- Generated by org.testng.reporters.JUnitReportReporter -->
<testsuite hostname="LAPTOP-M84AU483" failures="0" tests="1" name="com.Guru_E_Commerce.TestCase2" time="5.447" errors="0" timestamp="2024-02-11T18:05:48 IST" skipped="0">
  <testcase classname="com.Guru_E_Commerce.TestCase2" name="VerifyCostOfProduct" time="5.447"/>
  <system-out/>
</testsuite> <!-- com.Guru_E_Commerce.TestCase2 -->
