<?xml version="1.0" encoding="UTF-8"?>
<!-- Generated by org.testng.reporters.JUnitReportReporter -->
<testsuite hostname="LAPTOP-M84AU483" failures="0" tests="1" name="com.Guru_E_Commerce.TestCase6" time="20.503" errors="0" timestamp="2024-03-23T16:23:21 IST" skipped="0">
  <testcase classname="com.Guru_E_Commerce.TestCase6" name="verifyPurchaseProduct" time="20.503"/>
  <system-out/>
</testsuite> <!-- com.Guru_E_Commerce.TestCase6 -->
