<?xml version="1.0" encoding="UTF-8"?>
<!-- Generated by org.testng.reporters.JUnitReportReporter -->
<testsuite hostname="LAPTOP-M84AU483" failures="0" tests="2" name="com.Guru_E_Commerce.TesCase5" time="20.310" errors="0" timestamp="2024-03-22T17:38:18 IST" skipped="0">
  <testcase classname="com.Guru_E_Commerce.TesCase5" name="accountCraetion" time="9.379"/>
  <system-out/>
  <testcase classname="com.Guru_E_Commerce.TesCase5" name="shareWishlist" time="10.931"/>
  <system-out/>
</testsuite> <!-- com.Guru_E_Commerce.TesCase5 -->
