<?xml version="1.0" encoding="UTF-8"?>
<!-- Generated by org.testng.reporters.JUnitReportReporter -->
<testsuite hostname="LAPTOP-M84AU483" failures="0" tests="1" name="com.Guru_E_Commerce.TestCase4" time="20.506" errors="0" timestamp="2024-03-21T10:56:56 IST" skipped="0">
  <testcase classname="com.Guru_E_Commerce.TestCase4" name="compareProducts" time="20.506"/>
  <system-out/>
</testsuite> <!-- com.Guru_E_Commerce.TestCase4 -->
